<?xml version="1.0" encoding="UTF-8"?>
<testng-results ignored="0" total="1" passed="1" failed="0" skipped="0">
  <reporter-output>
  </reporter-output>
  <suite started-at="2024-08-01T23:36:18 IST" name="Default suite" finished-at="2024-08-01T23:36:22 IST" duration-ms="3829">
    <groups>
    </groups>
    <test started-at="2024-08-01T23:36:18 IST" name="Default test" finished-at="2024-08-01T23:36:22 IST" duration-ms="3829">
      <class name="Links.Links">
        <test-method is-config="true" signature="beforeSuite()[pri:0, instance:Links.Links@12aba8be]" started-at="2024-08-01T23:36:03 IST" name="beforeSuite" finished-at="2024-08-01T23:36:18 IST" duration-ms="14913" status="PASS">
          <reporter-output>
          </reporter-output>
        </test-method> <!-- beforeSuite -->
        <test-method signature="f()[pri:0, instance:Links.Links@12aba8be]" started-at="2024-08-01T23:36:18 IST" name="f" finished-at="2024-08-01T23:36:22 IST" duration-ms="3785" status="PASS">
          <reporter-output>
          </reporter-output>
        </test-method> <!-- f -->
        <test-method is-config="true" signature="afterSuite()[pri:0, instance:Links.Links@12aba8be]" started-at="2024-08-01T23:36:22 IST" name="afterSuite" finished-at="2024-08-01T23:36:22 IST" duration-ms="298" status="PASS">
          <reporter-output>
          </reporter-output>
        </test-method> <!-- afterSuite -->
      </class> <!-- Links.Links -->
    </test> <!-- Default test -->
  </suite> <!-- Default suite -->
</testng-results>
